


ARM Macro Assembler    Page 1 


    1 00000000         
    2 00000000         ;/******************************************************
                       ***********************/
    3 00000000         ;/*  Startup for ARM                                    
                                             */
    4 00000000         ;/*  Version     V1.0                                   
                                             */
    5 00000000         ;/*  Date        2021-03-12                             
                                             */
    6 00000000         ;/*  Target-mcu  {MCU_PN_H}                             
                                             */
    7 00000000         ;/******************************************************
                       ***********************/
    8 00000000         
    9 00000000         ; Stack Configuration
   10 00000000         ; Stack Size (in Bytes) <0x0-0xFFFFFFFF:8>
   11 00000000         
   12 00000000 00000200 
                       Stack_Size
                               EQU              0x00000200
   13 00000000         
   14 00000000                 AREA             STACK, NOINIT, READWRITE, ALIGN
=3
   15 00000000         Stack_Mem
                               SPACE            Stack_Size
   16 00000200         __initial_sp
   17 00000200         
   18 00000200         
   19 00000200         ; Heap Configuration
   20 00000200         ;  Heap Size (in Bytes) <0x0-0xFFFFFFFF:8>
   21 00000200         
   22 00000200 00000200 
                       Heap_Size
                               EQU              0x00000200
   23 00000200         
   24 00000200                 AREA             HEAP, NOINIT, READWRITE, ALIGN=
3
   25 00000000         __heap_base
   26 00000000         Heap_Mem
                               SPACE            Heap_Size
   27 00000200         __heap_limit
   28 00000200         
   29 00000200         
   30 00000200                 PRESERVE8
   31 00000200                 THUMB
   32 00000200         
   33 00000200         
   34 00000200         ; Vector Table Mapped to Address 0 at Reset
   35 00000200         
   36 00000200                 AREA             RESET, DATA, READONLY
   37 00000000                 EXPORT           __Vectors
   38 00000000                 EXPORT           __Vectors_End
   39 00000000                 EXPORT           __Vectors_Size
   40 00000000         
   41 00000000         __Vectors
   42 00000000 00000000        DCD              __initial_sp ; Top of Stack
   43 00000004 00000000        DCD              Reset_Handler ;< -15 Reset Vect
                                                            or, invoked on Powe
                                                            r up and warm reset



ARM Macro Assembler    Page 2 


                                                            
   44 00000008 00000000        DCD              NMI_Handler ;< -14 Non maskable
                                                             Interrupt, cannot 
                                                            be stopped or preem
                                                            pted
   45 0000000C 00000000        DCD              HardFault_Handler ;< -13 Hard F
                                                            ault, all classes o
                                                            f Fault
   46 00000010 00000000        DCD              0           ;< -12 Reserved
   47 00000014 00000000        DCD              0           ;< -11 Reserved
   48 00000018 00000000        DCD              0           ;< -10 Reserved
   49 0000001C 00000000        DCD              0           ;< -9 Reserved
   50 00000020 00000000        DCD              0           ;< -8 Reserved
   51 00000024 00000000        DCD              0           ;< -7 Reserved
   52 00000028 00000000        DCD              0           ;< -6 Reserved
   53 0000002C 00000000        DCD              SVC_Handler ;< -5 System Servic
                                                            e Call via SVC inst
                                                            ruction
   54 00000030 00000000        DCD              0           ;< -4 Reserved
   55 00000034 00000000        DCD              0           ;< -3 Reserved
   56 00000038 00000000        DCD              PendSV_Handler ;< -2 Pendable r
                                                            equest for system s
                                                            ervice
   57 0000003C 00000000        DCD              SysTick_Handler ;< -1 System Ti
                                                            ck Timer
   58 00000040         
   59 00000040 00000000        DCD              WDT_IRQHandler ;< 0 Watch Dog T
                                                            imer Interrupt Hand
                                                            ler
   60 00000044 00000000        DCD              LVD_IRQHandler ;< 1 Low Voltage
                                                             Detect Interrupt H
                                                            andler
   61 00000048 00000000        DCD              0           ;< 2 Reserved
   62 0000004C 00000000        DCD              FLASHRAM_IRQHandler ;< 3 Flash/
                                                            RAM Interrupt Handl
                                                            er
   63 00000050 00000000        DCD              SYSCTRL_IRQHandler ;< 4 SYSCTRL
                                                             Interupt Handler
   64 00000054 00000000        DCD              GPIOA_IRQHandler ;< 5 GPIOA Int
                                                            errupt Handler
   65 00000058 00000000        DCD              GPIOB_IRQHandler ;< 6 GPIOB Int
                                                            errupt Handler
   66 0000005C 00000000        DCD              GPIOC_IRQHandler ;< 7 GPIOC Int
                                                            errupt Handler
   67 00000060 00000000        DCD              0           ;< 8 Reserved
   68 00000064 00000000        DCD              0           ;< 9 Reserved
   69 00000068 00000000        DCD              0           ;< 10 Reserved
   70 0000006C 00000000        DCD              0           ;< 11 Reserved
   71 00000070 00000000        DCD              ADC_IRQHandler ;< 12 ADC Interr
                                                            upt Handler
   72 00000074 00000000        DCD              ATIM_IRQHandler ;< 13 Advanced 
                                                            Timer Interrupt Han
                                                            dler
   73 00000078 00000000        DCD              VC1_IRQHandler ;< 14 Voltage Co
                                                            mparator 1 Interrup
                                                            t Handler
   74 0000007C 00000000        DCD              VC2_IRQHandler ;< 15 Voltage Co
                                                            mparator 2 Interrup
                                                            t Handler



ARM Macro Assembler    Page 3 


   75 00000080 00000000        DCD              GTIM_IRQHandler ;< 16 General T
                                                            imer1 Interrupt Han
                                                            dler
   76 00000084 00000000        DCD              0           ;< 17 Reserved
   77 00000088 00000000        DCD              0           ;< 18 Reserved
   78 0000008C 00000000        DCD              0           ;< 19 Reserved
   79 00000090 00000000        DCD              BTIM1_IRQHandler ;< 20 Base Tim
                                                            er1 Interrupt Handl
                                                            er
   80 00000094 00000000        DCD              BTIM2_IRQHandler ;< 21 Base Tim
                                                            er2 Interrupt Handl
                                                            er
   81 00000098 00000000        DCD              BTIM3_IRQHandler ;< 22 Base Tim
                                                            er3 Interrupt Handl
                                                            er
   82 0000009C 00000000        DCD              I2C_IRQHandler ;< 23 I2C Interr
                                                            upt Handler
   83 000000A0 00000000        DCD              0           ;< 24 Reserved
   84 000000A4 00000000        DCD              SPI_IRQHandler ;< 25 SPI Interr
                                                            upt Handler
   85 000000A8 00000000        DCD              0           ;< 26 Reserved
   86 000000AC 00000000        DCD              UART1_IRQHandler ;< 27 UART1 In
                                                            terrupt Handler
   87 000000B0 00000000        DCD              UART2_IRQHandler ;< 28 UART2 In
                                                            terrupt Handler
   88 000000B4 00000000        DCD              0           ;< 29 Reserved
   89 000000B8 00000000        DCD              AWT_IRQHandler ;< 30 Auto Wakeu
                                                            p Timer Handler
   90 000000BC 00000000        DCD              0           ;< 31 Reserved
   91 000000C0         
   92 000000C0         
   93 000000C0         
   94 000000C0         __Vectors_End
   95 000000C0         
   96 000000C0 000000C0 
                       __Vectors_Size
                               EQU              __Vectors_End - __Vectors
   97 000000C0         
   98 000000C0                 AREA             |.text|, CODE, READONLY
   99 00000000         
  100 00000000         
  101 00000000         ; Reset Handler
  102 00000000         
  103 00000000         Reset_Handler
                               PROC
  104 00000000                 EXPORT           Reset_Handler             [WEAK
]
  105 00000000                 IMPORT           SystemInit
  106 00000000                 IMPORT           __main
  107 00000000         
  108 00000000 4906            LDR              R1, =0X0
  109 00000002 6808            LDR              R0, [R1]
  110 00000004 4685            MOV              SP, R0
  111 00000006 4806            LDR              R0, =SystemInit
  112 00000008 4780            BLX              R0
  113 0000000A 4806            LDR              R0, =__main
  114 0000000C 4700            BX               R0
  115 0000000E                 ENDP
  116 0000000E         



ARM Macro Assembler    Page 4 


  117 0000000E         
  118 0000000E         ; Dummy Exception Handlers (infinite loops which can be 
                       modified)
  119 0000000E         
  120 0000000E         NMI_Handler
                               PROC
  121 0000000E                 EXPORT           NMI_Handler               [WEAK
]
  122 0000000E E7FE            B                .
  123 00000010                 ENDP
  124 00000010         
  125 00000010         
  127 00000010         HardFault_Handler
                               PROC
  128 00000010                 EXPORT           HardFault_Handler         [WEAK
]
  129 00000010 E7FE            B                .
  130 00000012                 ENDP
  131 00000012         SVC_Handler
                               PROC
  132 00000012                 EXPORT           SVC_Handler               [WEAK
]
  133 00000012 E7FE            B                .
  134 00000014                 ENDP
  135 00000014         PendSV_Handler
                               PROC
  136 00000014                 EXPORT           PendSV_Handler            [WEAK
]
  137 00000014 E7FE            B                .
  138 00000016                 ENDP
  139 00000016         SysTick_Handler
                               PROC
  140 00000016                 EXPORT           SysTick_Handler           [WEAK
]
  141 00000016 E7FE            B                .
  142 00000018                 ENDP
  143 00000018         
  144 00000018         Default_Handler
                               PROC
  145 00000018                 EXPORT           WDT_IRQHandler           [WEAK]
  146 00000018                 EXPORT           LVD_IRQHandler           [WEAK]
  147 00000018                 EXPORT           FLASHRAM_IRQHandler      [WEAK]
  148 00000018                 EXPORT           SYSCTRL_IRQHandler       [WEAK]
  149 00000018                 EXPORT           GPIOA_IRQHandler         [WEAK]
  150 00000018                 EXPORT           GPIOB_IRQHandler         [WEAK]
  151 00000018                 EXPORT           GPIOC_IRQHandler         [WEAK]
  152 00000018                 EXPORT           ADC_IRQHandler           [WEAK]
  153 00000018                 EXPORT           ATIM_IRQHandler          [WEAK]
  154 00000018                 EXPORT           VC1_IRQHandler           [WEAK]
  155 00000018                 EXPORT           VC2_IRQHandler           [WEAK]
  156 00000018                 EXPORT           GTIM_IRQHandler          [WEAK]
  157 00000018                 EXPORT           BTIM1_IRQHandler         [WEAK]
  158 00000018                 EXPORT           BTIM2_IRQHandler         [WEAK]
  159 00000018                 EXPORT           BTIM3_IRQHandler         [WEAK]
  160 00000018                 EXPORT           I2C_IRQHandler           [WEAK]
  161 00000018                 EXPORT           SPI_IRQHandler           [WEAK]
  162 00000018                 EXPORT           UART1_IRQHandler         [WEAK]
  163 00000018                 EXPORT           UART2_IRQHandler         [WEAK]
  164 00000018                 EXPORT           AWT_IRQHandler           [WEAK]



ARM Macro Assembler    Page 5 


  165 00000018         
  166 00000018         WDT_IRQHandler
  167 00000018         LVD_IRQHandler
  168 00000018         FLASHRAM_IRQHandler
  169 00000018         SYSCTRL_IRQHandler
  170 00000018         GPIOA_IRQHandler
  171 00000018         GPIOB_IRQHandler
  172 00000018         GPIOC_IRQHandler
  173 00000018         ADC_IRQHandler
  174 00000018         ATIM_IRQHandler
  175 00000018         VC1_IRQHandler
  176 00000018         VC2_IRQHandler
  177 00000018         GTIM_IRQHandler
  178 00000018         BTIM1_IRQHandler
  179 00000018         BTIM2_IRQHandler
  180 00000018         BTIM3_IRQHandler
  181 00000018         I2C_IRQHandler
  182 00000018         SPI_IRQHandler
  183 00000018         UART1_IRQHandler
  184 00000018         UART2_IRQHandler
  185 00000018         AWT_IRQHandler
  186 00000018         
  187 00000018         
  188 00000018 E7FE            B                .
  189 0000001A         
  190 0000001A                 ENDP
  191 0000001A         
  192 0000001A         
  193 0000001A 00 00           ALIGN
  194 0000001C         
  195 0000001C         
  196 0000001C         ; User Initial Stack & Heap
  197 0000001C         
  198 0000001C                 IF               :DEF:__MICROLIB
  199 0000001C         
  200 0000001C                 EXPORT           __initial_sp
  201 0000001C                 EXPORT           __heap_base
  202 0000001C                 EXPORT           __heap_limit
  203 0000001C         
  204 0000001C                 ELSE
  218                          ENDIF
  219 0000001C         
  220 0000001C         
  221 0000001C                 END
              00000000 
              00000000 
              00000000 
Command Line: --debug --xref --diag_suppress=9931 --cpu=Cortex-M0+ --apcs=inter
work --depend=.\objects\startup_cw32f003.d -o.\objects\startup_cw32f003.o -I.\R
TE\_project5 -IC:\Users\Administrator\AppData\Local\Arm\Packs\ARM\CMSIS\5.7.0\C
MSIS\Core\Include -IC:\Users\Administrator\AppData\Local\Arm\Packs\PS\CW32F003_
DFP\1.0.0\Device\Include --predefine="__MICROLIB SETA 1" --predefine="__UVISION
_VERSION SETA 533" --predefine="_RTE_ SETA 1" --predefine="_RTE_ SETA 1" --list
=.\listings\startup_cw32f003.lst Driver\startup_cw32f003.s



ARM Macro Assembler    Page 1 Alphabetic symbol ordering
Relocatable symbols

STACK 00000000

Symbol: STACK
   Definitions
      At line 14 in file Driver\startup_cw32f003.s
   Uses
      None
Comment: STACK unused
Stack_Mem 00000000

Symbol: Stack_Mem
   Definitions
      At line 15 in file Driver\startup_cw32f003.s
   Uses
      None
Comment: Stack_Mem unused
__initial_sp 00000200

Symbol: __initial_sp
   Definitions
      At line 16 in file Driver\startup_cw32f003.s
   Uses
      At line 42 in file Driver\startup_cw32f003.s
      At line 200 in file Driver\startup_cw32f003.s

3 symbols



ARM Macro Assembler    Page 1 Alphabetic symbol ordering
Relocatable symbols

HEAP 00000000

Symbol: HEAP
   Definitions
      At line 24 in file Driver\startup_cw32f003.s
   Uses
      None
Comment: HEAP unused
Heap_Mem 00000000

Symbol: Heap_Mem
   Definitions
      At line 26 in file Driver\startup_cw32f003.s
   Uses
      None
Comment: Heap_Mem unused
__heap_base 00000000

Symbol: __heap_base
   Definitions
      At line 25 in file Driver\startup_cw32f003.s
   Uses
      At line 201 in file Driver\startup_cw32f003.s
Comment: __heap_base used once
__heap_limit 00000200

Symbol: __heap_limit
   Definitions
      At line 27 in file Driver\startup_cw32f003.s
   Uses
      At line 202 in file Driver\startup_cw32f003.s
Comment: __heap_limit used once
4 symbols



ARM Macro Assembler    Page 1 Alphabetic symbol ordering
Relocatable symbols

RESET 00000000

Symbol: RESET
   Definitions
      At line 36 in file Driver\startup_cw32f003.s
   Uses
      None
Comment: RESET unused
__Vectors 00000000

Symbol: __Vectors
   Definitions
      At line 41 in file Driver\startup_cw32f003.s
   Uses
      At line 37 in file Driver\startup_cw32f003.s
      At line 96 in file Driver\startup_cw32f003.s

__Vectors_End 000000C0

Symbol: __Vectors_End
   Definitions
      At line 94 in file Driver\startup_cw32f003.s
   Uses
      At line 38 in file Driver\startup_cw32f003.s
      At line 96 in file Driver\startup_cw32f003.s

3 symbols



ARM Macro Assembler    Page 1 Alphabetic symbol ordering
Relocatable symbols

.text 00000000

Symbol: .text
   Definitions
      At line 98 in file Driver\startup_cw32f003.s
   Uses
      None
Comment: .text unused
ADC_IRQHandler 00000018

Symbol: ADC_IRQHandler
   Definitions
      At line 173 in file Driver\startup_cw32f003.s
   Uses
      At line 71 in file Driver\startup_cw32f003.s
      At line 152 in file Driver\startup_cw32f003.s

ATIM_IRQHandler 00000018

Symbol: ATIM_IRQHandler
   Definitions
      At line 174 in file Driver\startup_cw32f003.s
   Uses
      At line 72 in file Driver\startup_cw32f003.s
      At line 153 in file Driver\startup_cw32f003.s

AWT_IRQHandler 00000018

Symbol: AWT_IRQHandler
   Definitions
      At line 185 in file Driver\startup_cw32f003.s
   Uses
      At line 89 in file Driver\startup_cw32f003.s
      At line 164 in file Driver\startup_cw32f003.s

BTIM1_IRQHandler 00000018

Symbol: BTIM1_IRQHandler
   Definitions
      At line 178 in file Driver\startup_cw32f003.s
   Uses
      At line 79 in file Driver\startup_cw32f003.s
      At line 157 in file Driver\startup_cw32f003.s

BTIM2_IRQHandler 00000018

Symbol: BTIM2_IRQHandler
   Definitions
      At line 179 in file Driver\startup_cw32f003.s
   Uses
      At line 80 in file Driver\startup_cw32f003.s
      At line 158 in file Driver\startup_cw32f003.s

BTIM3_IRQHandler 00000018

Symbol: BTIM3_IRQHandler
   Definitions
      At line 180 in file Driver\startup_cw32f003.s
   Uses



ARM Macro Assembler    Page 2 Alphabetic symbol ordering
Relocatable symbols

      At line 81 in file Driver\startup_cw32f003.s
      At line 159 in file Driver\startup_cw32f003.s

Default_Handler 00000018

Symbol: Default_Handler
   Definitions
      At line 144 in file Driver\startup_cw32f003.s
   Uses
      None
Comment: Default_Handler unused
FLASHRAM_IRQHandler 00000018

Symbol: FLASHRAM_IRQHandler
   Definitions
      At line 168 in file Driver\startup_cw32f003.s
   Uses
      At line 62 in file Driver\startup_cw32f003.s
      At line 147 in file Driver\startup_cw32f003.s

GPIOA_IRQHandler 00000018

Symbol: GPIOA_IRQHandler
   Definitions
      At line 170 in file Driver\startup_cw32f003.s
   Uses
      At line 64 in file Driver\startup_cw32f003.s
      At line 149 in file Driver\startup_cw32f003.s

GPIOB_IRQHandler 00000018

Symbol: GPIOB_IRQHandler
   Definitions
      At line 171 in file Driver\startup_cw32f003.s
   Uses
      At line 65 in file Driver\startup_cw32f003.s
      At line 150 in file Driver\startup_cw32f003.s

GPIOC_IRQHandler 00000018

Symbol: GPIOC_IRQHandler
   Definitions
      At line 172 in file Driver\startup_cw32f003.s
   Uses
      At line 66 in file Driver\startup_cw32f003.s
      At line 151 in file Driver\startup_cw32f003.s

GTIM_IRQHandler 00000018

Symbol: GTIM_IRQHandler
   Definitions
      At line 177 in file Driver\startup_cw32f003.s
   Uses
      At line 75 in file Driver\startup_cw32f003.s
      At line 156 in file Driver\startup_cw32f003.s

HardFault_Handler 00000010

Symbol: HardFault_Handler



ARM Macro Assembler    Page 3 Alphabetic symbol ordering
Relocatable symbols

   Definitions
      At line 127 in file Driver\startup_cw32f003.s
   Uses
      At line 45 in file Driver\startup_cw32f003.s
      At line 128 in file Driver\startup_cw32f003.s

I2C_IRQHandler 00000018

Symbol: I2C_IRQHandler
   Definitions
      At line 181 in file Driver\startup_cw32f003.s
   Uses
      At line 82 in file Driver\startup_cw32f003.s
      At line 160 in file Driver\startup_cw32f003.s

LVD_IRQHandler 00000018

Symbol: LVD_IRQHandler
   Definitions
      At line 167 in file Driver\startup_cw32f003.s
   Uses
      At line 60 in file Driver\startup_cw32f003.s
      At line 146 in file Driver\startup_cw32f003.s

NMI_Handler 0000000E

Symbol: NMI_Handler
   Definitions
      At line 120 in file Driver\startup_cw32f003.s
   Uses
      At line 44 in file Driver\startup_cw32f003.s
      At line 121 in file Driver\startup_cw32f003.s

PendSV_Handler 00000014

Symbol: PendSV_Handler
   Definitions
      At line 135 in file Driver\startup_cw32f003.s
   Uses
      At line 56 in file Driver\startup_cw32f003.s
      At line 136 in file Driver\startup_cw32f003.s

Reset_Handler 00000000

Symbol: Reset_Handler
   Definitions
      At line 103 in file Driver\startup_cw32f003.s
   Uses
      At line 43 in file Driver\startup_cw32f003.s
      At line 104 in file Driver\startup_cw32f003.s

SPI_IRQHandler 00000018

Symbol: SPI_IRQHandler
   Definitions
      At line 182 in file Driver\startup_cw32f003.s
   Uses
      At line 84 in file Driver\startup_cw32f003.s
      At line 161 in file Driver\startup_cw32f003.s



ARM Macro Assembler    Page 4 Alphabetic symbol ordering
Relocatable symbols


SVC_Handler 00000012

Symbol: SVC_Handler
   Definitions
      At line 131 in file Driver\startup_cw32f003.s
   Uses
      At line 53 in file Driver\startup_cw32f003.s
      At line 132 in file Driver\startup_cw32f003.s

SYSCTRL_IRQHandler 00000018

Symbol: SYSCTRL_IRQHandler
   Definitions
      At line 169 in file Driver\startup_cw32f003.s
   Uses
      At line 63 in file Driver\startup_cw32f003.s
      At line 148 in file Driver\startup_cw32f003.s

SysTick_Handler 00000016

Symbol: SysTick_Handler
   Definitions
      At line 139 in file Driver\startup_cw32f003.s
   Uses
      At line 57 in file Driver\startup_cw32f003.s
      At line 140 in file Driver\startup_cw32f003.s

UART1_IRQHandler 00000018

Symbol: UART1_IRQHandler
   Definitions
      At line 183 in file Driver\startup_cw32f003.s
   Uses
      At line 86 in file Driver\startup_cw32f003.s
      At line 162 in file Driver\startup_cw32f003.s

UART2_IRQHandler 00000018

Symbol: UART2_IRQHandler
   Definitions
      At line 184 in file Driver\startup_cw32f003.s
   Uses
      At line 87 in file Driver\startup_cw32f003.s
      At line 163 in file Driver\startup_cw32f003.s

VC1_IRQHandler 00000018

Symbol: VC1_IRQHandler
   Definitions
      At line 175 in file Driver\startup_cw32f003.s
   Uses
      At line 73 in file Driver\startup_cw32f003.s
      At line 154 in file Driver\startup_cw32f003.s

VC2_IRQHandler 00000018

Symbol: VC2_IRQHandler
   Definitions



ARM Macro Assembler    Page 5 Alphabetic symbol ordering
Relocatable symbols

      At line 176 in file Driver\startup_cw32f003.s
   Uses
      At line 74 in file Driver\startup_cw32f003.s
      At line 155 in file Driver\startup_cw32f003.s

WDT_IRQHandler 00000018

Symbol: WDT_IRQHandler
   Definitions
      At line 166 in file Driver\startup_cw32f003.s
   Uses
      At line 59 in file Driver\startup_cw32f003.s
      At line 145 in file Driver\startup_cw32f003.s

28 symbols



ARM Macro Assembler    Page 1 Alphabetic symbol ordering
Absolute symbols

Heap_Size 00000200

Symbol: Heap_Size
   Definitions
      At line 22 in file Driver\startup_cw32f003.s
   Uses
      At line 26 in file Driver\startup_cw32f003.s
Comment: Heap_Size used once
Stack_Size 00000200

Symbol: Stack_Size
   Definitions
      At line 12 in file Driver\startup_cw32f003.s
   Uses
      At line 15 in file Driver\startup_cw32f003.s
Comment: Stack_Size used once
__Vectors_Size 000000C0

Symbol: __Vectors_Size
   Definitions
      At line 96 in file Driver\startup_cw32f003.s
   Uses
      At line 39 in file Driver\startup_cw32f003.s
Comment: __Vectors_Size used once
3 symbols



ARM Macro Assembler    Page 1 Alphabetic symbol ordering
External symbols

SystemInit 00000000

Symbol: SystemInit
   Definitions
      At line 105 in file Driver\startup_cw32f003.s
   Uses
      At line 111 in file Driver\startup_cw32f003.s
Comment: SystemInit used once
__main 00000000

Symbol: __main
   Definitions
      At line 106 in file Driver\startup_cw32f003.s
   Uses
      At line 113 in file Driver\startup_cw32f003.s
Comment: __main used once
2 symbols
378 symbols in table
